Build started 9/18/2013 5:17:19 AM.
     1>Project "C:\Users\james\Documents\GitHub\CIS460_HW1\CIS460_Homework1\CIS460_Homework1.vcxproj" on node 2 (Build target(s)).
     1>InitializeBuildStatus:
         Creating "Release\CIS460_Homework1.unsuccessfulbuild" because "AlwaysCreate" was specified.
       ClCompile:
         C:\Program Files (x86)\Microsoft Visual Studio 11.0\VC\bin\CL.exe /c /Zi /nologo /W3 /WX- /O2 /Oi /Oy- /GL /D WIN32 /D NDEBUG /D _CONSOLE /D _UNICODE /D UNICODE /Gm- /EHsc /MD /GS /Gy /fp:precise /Zc:wchar_t /Zc:forScope /Fo"Release\\" /Fd"Release\vc110.pdb" /Gd /TP /analyze- /errorReport:prompt raymarch.cpp
         raymarch.cpp
     1>raymarch.cpp(10): warning C4244: 'argument' : conversion from 'float' to 'int', possible loss of data
     1>raymarch.cpp(41): warning C4244: 'initializing' : conversion from 'glm::core::type::precision::mediump_float' to 'int', possible loss of data
     1>raymarch.cpp(57): warning C4244: 'argument' : conversion from 'float' to 'int', possible loss of data
     1>raymarch.cpp(57): warning C4244: '=' : conversion from 'float' to 'ebmpBYTE', possible loss of data
     1>raymarch.cpp(58): warning C4244: 'argument' : conversion from 'float' to 'int', possible loss of data
     1>raymarch.cpp(58): warning C4244: '=' : conversion from 'float' to 'ebmpBYTE', possible loss of data
     1>raymarch.cpp(59): warning C4244: 'argument' : conversion from 'float' to 'int', possible loss of data
     1>raymarch.cpp(59): warning C4244: '=' : conversion from 'float' to 'ebmpBYTE', possible loss of data
     1>raymarch.cpp(36): warning C4101: 't' : unreferenced local variable
     1>raymarch.cpp(74): warning C4244: 'initializing' : conversion from 'float' to 'int', possible loss of data
       Link:
         C:\Program Files (x86)\Microsoft Visual Studio 11.0\VC\bin\link.exe /ERRORREPORT:PROMPT /OUT:"C:\Users\james\Documents\GitHub\CIS460_HW1\Release\CIS460_Homework1.exe" /INCREMENTAL:NO /NOLOGO kernel32.lib user32.lib gdi32.lib winspool.lib comdlg32.lib advapi32.lib shell32.lib ole32.lib oleaut32.lib uuid.lib odbc32.lib odbccp32.lib /MANIFEST /MANIFESTUAC:"level='asInvoker' uiAccess='false'" /manifest:embed /DEBUG /PDB:"C:\Users\james\Documents\GitHub\CIS460_HW1\Release\CIS460_Homework1.pdb" /SUBSYSTEM:CONSOLE /OPT:REF /OPT:ICF /LTCG /TLBID:1 /DYNAMICBASE /NXCOMPAT /IMPLIB:"C:\Users\james\Documents\GitHub\CIS460_HW1\Release\CIS460_Homework1.lib" /MACHINE:X86 /SAFESEH Release\Camera.obj
         Release\EasyBMP.obj
         Release\fileReader.obj
         Release\main.obj
         Release\raymarch.obj
         Release\voxel.obj
         Release\voxelBuffer.obj
         Generating code
         Finished generating code
         CIS460_Homework1.vcxproj -> C:\Users\james\Documents\GitHub\CIS460_HW1\Release\CIS460_Homework1.exe
       FinalizeBuildStatus:
         Deleting file "Release\CIS460_Homework1.unsuccessfulbuild".
         Touching "Release\CIS460_Homework1.lastbuildstate".
     1>Done Building Project "C:\Users\james\Documents\GitHub\CIS460_HW1\CIS460_Homework1\CIS460_Homework1.vcxproj" (Build target(s)).

Build succeeded.

Time Elapsed 00:00:01.16
