C:\USERS\JAMES\DOCUMENTS\GITHUB\CIS460_HW1\CIS460_HOMEWORK1\RELEASE\VOXELBUFFER.OBJ
C:\USERS\JAMES\DOCUMENTS\GITHUB\CIS460_HW1\CIS460_HOMEWORK1\RELEASE\VOXEL.OBJ
C:\USERS\JAMES\DOCUMENTS\GITHUB\CIS460_HW1\CIS460_HOMEWORK1\RELEASE\RAYMARCH.OBJ
C:\USERS\JAMES\DOCUMENTS\GITHUB\CIS460_HW1\CIS460_HOMEWORK1\RELEASE\MAIN.OBJ
C:\USERS\JAMES\DOCUMENTS\GITHUB\CIS460_HW1\CIS460_HOMEWORK1\RELEASE\FILEREADER.OBJ
C:\USERS\JAMES\DOCUMENTS\GITHUB\CIS460_HW1\CIS460_HOMEWORK1\RELEASE\EASYBMP.OBJ
C:\USERS\JAMES\DOCUMENTS\GITHUB\CIS460_HW1\CIS460_HOMEWORK1\RELEASE\CAMERA.OBJ
C:\USERS\JAMES\DOCUMENTS\GITHUB\CIS460_HW1\CIS460_HOMEWORK1\RELEASE\VC110.PDB
C:\USERS\JAMES\DOCUMENTS\GITHUB\CIS460_HW1\RELEASE\CIS460_HOMEWORK1.EXE
C:\USERS\JAMES\DOCUMENTS\GITHUB\CIS460_HW1\RELEASE\CIS460_HOMEWORK1.PDB
C:\Users\james\Documents\GitHub\CIS460_HW1\CIS460_Homework1\Release\Camera.obj
C:\Users\james\Documents\GitHub\CIS460_HW1\CIS460_Homework1\Release\EasyBMP.obj
C:\Users\james\Documents\GitHub\CIS460_HW1\CIS460_Homework1\Release\fileReader.obj
C:\Users\james\Documents\GitHub\CIS460_HW1\CIS460_Homework1\Release\main.obj
C:\Users\james\Documents\GitHub\CIS460_HW1\CIS460_Homework1\Release\raymarch.obj
C:\Users\james\Documents\GitHub\CIS460_HW1\CIS460_Homework1\Release\voxel.obj
C:\Users\james\Documents\GitHub\CIS460_HW1\CIS460_Homework1\Release\voxelBuffer.obj
C:\Users\james\Documents\GitHub\CIS460_HW1\CIS460_Homework1\Release\cl.command.1.tlog
C:\Users\james\Documents\GitHub\CIS460_HW1\CIS460_Homework1\Release\CL.read.1.tlog
C:\Users\james\Documents\GitHub\CIS460_HW1\CIS460_Homework1\Release\CL.write.1.tlog
C:\Users\james\Documents\GitHub\CIS460_HW1\CIS460_Homework1\Release\link-cvtres.read.1.tlog
C:\Users\james\Documents\GitHub\CIS460_HW1\CIS460_Homework1\Release\link-cvtres.write.1.tlog
C:\Users\james\Documents\GitHub\CIS460_HW1\CIS460_Homework1\Release\link-rc.read.1.tlog
C:\Users\james\Documents\GitHub\CIS460_HW1\CIS460_Homework1\Release\link-rc.write.1.tlog
C:\Users\james\Documents\GitHub\CIS460_HW1\CIS460_Homework1\Release\link.command.1.tlog
C:\Users\james\Documents\GitHub\CIS460_HW1\CIS460_Homework1\Release\link.read.1.tlog
C:\Users\james\Documents\GitHub\CIS460_HW1\CIS460_Homework1\Release\link.write.1.tlog
C:\Users\james\Documents\GitHub\CIS460_HW1\CIS460_Homework1\Release\vc110.pdb
C:\Users\james\Documents\GitHub\CIS460_HW1\Release\CIS460_Homework1.pdb
C:\Users\james\Documents\GitHub\CIS460_HW1\Release\CIS460_Homework1.exe
